2020-12-14T16:49:07.754Z [my-bank-api] info: API STARTED
2020-12-14T16:49:11.808Z [my-bank-api] info: GET / contas - {"contas":[{"id":1,"nome":"Roberto Aguiar Alam","saldo":999},{"id":2,"nome":"Luisa Ferreira Alam","saldo":100},{"id":3,"nome":"Tonia Laura Colvara Ferreira","saldo":10000},{"id":4,"nome":"José Tobias Alam","saldo":325695}]}
2020-12-14T16:49:14.889Z [my-bank-api] info: GET / contas - {"contas":[{"id":1,"nome":"Roberto Aguiar Alam","saldo":999},{"id":2,"nome":"Luisa Ferreira Alam","saldo":100},{"id":3,"nome":"Tonia Laura Colvara Ferreira","saldo":10000},{"id":4,"nome":"José Tobias Alam","saldo":325695}]}
2020-12-14T16:49:18.221Z [my-bank-api] info: GET / contas - {"contas":[{"id":1,"nome":"Roberto Aguiar Alam","saldo":999},{"id":2,"nome":"Luisa Ferreira Alam","saldo":100},{"id":3,"nome":"Tonia Laura Colvara Ferreira","saldo":10000},{"id":4,"nome":"José Tobias Alam","saldo":325695}]}
2020-12-14T16:49:19.446Z [my-bank-api] info: GET / contas - {"contas":[{"id":1,"nome":"Roberto Aguiar Alam","saldo":999},{"id":2,"nome":"Luisa Ferreira Alam","saldo":100},{"id":3,"nome":"Tonia Laura Colvara Ferreira","saldo":10000},{"id":4,"nome":"José Tobias Alam","saldo":325695}]}
2020-12-14T16:49:20.159Z [my-bank-api] info: GET / contas - {"contas":[{"id":1,"nome":"Roberto Aguiar Alam","saldo":999},{"id":2,"nome":"Luisa Ferreira Alam","saldo":100},{"id":3,"nome":"Tonia Laura Colvara Ferreira","saldo":10000},{"id":4,"nome":"José Tobias Alam","saldo":325695}]}
2020-12-14T16:49:33.359Z [my-bank-api] info: GET / conta - {"id":2,"nome":"Luisa Ferreira Alam","saldo":100}
2020-12-14T16:49:34.889Z [my-bank-api] info: GET / conta - {"id":2,"nome":"Luisa Ferreira Alam","saldo":100}
2020-12-14T16:51:21.590Z [my-bank-api] info: API STARTED
2020-12-14T16:51:24.142Z [my-bank-api] info: API STARTED
2020-12-14T21:19:45.382Z [my-bank-api] info: API STARTED
2020-12-14T21:19:49.987Z [my-bank-api] info: GET / contas
2020-12-14T21:19:56.717Z [my-bank-api] info: GET / conta - ID
2020-12-14T21:20:08.918Z [my-bank-api] error: PATCH /contas Cannot read property '0' of undefined
2020-12-14T21:20:20.630Z [my-bank-api] error: PATCH /contas Cannot read property '0' of undefined
2020-12-14T21:20:30.044Z [my-bank-api] info: API STARTED
2020-12-14T21:21:09.940Z [my-bank-api] error: PATCH /contas Cannot read property '0' of undefined
2020-12-14T21:21:14.376Z [my-bank-api] error: PATCH /contas Cannot read property '0' of undefined
2020-12-14T21:21:33.116Z [my-bank-api] info: API STARTED
2020-12-14T21:21:34.234Z [my-bank-api] error: PATCH /contas contaNova is not defined
2020-12-14T21:21:45.698Z [my-bank-api] error: PATCH /contas contaNova is not defined
2020-12-14T21:22:41.557Z [my-bank-api] info: API STARTED
2020-12-14T21:22:43.181Z [my-bank-api] info: PATCH / conta/novoSaldo - {"id":1,"nome":"Roberto Aguiar Alam","saldo":999}
2020-12-14T21:24:03.426Z [my-bank-api] info: API STARTED
2020-12-14T21:24:11.516Z [my-bank-api] info: GET / contas
2020-12-14T21:24:28.966Z [my-bank-api] error: PUT /contas contaNova is not defined
2020-12-14T21:25:27.619Z [my-bank-api] info: API STARTED
2020-12-14T21:25:28.737Z [my-bank-api] info: PUT / contas - {"id":1,"nome":"Roberto Aguiar Alam","saldo":11000}
2020-12-14T21:25:35.839Z [my-bank-api] info: GET / contas
2020-12-14T21:29:32.237Z [my-bank-api] info: API STARTED
2020-12-14T21:29:54.393Z [my-bank-api] error: POST /contas Sem Nome ou Saldo!
2020-12-14T21:30:22.485Z [my-bank-api] info: API STARTED
2020-12-14T21:30:28.534Z [my-bank-api] error: POST /contas Sem Nome!
2020-12-14T21:30:36.587Z [my-bank-api] error: POST /contas Sem Nome!
2020-12-14T21:37:21.708Z [my-bank-api] info: API STARTED
2020-12-14T21:38:28.718Z [my-bank-api] info: API STARTED
2020-12-14T21:41:26.453Z [my-bank-api] info: API STARTED
2020-12-14T21:45:33.860Z [my-bank-api] info: API STARTED
2020-12-14T21:58:03.592Z [my-bank-api] info: API STARTED
2020-12-14T21:58:50.883Z [my-bank-api] info: GET / contas
2020-12-14T21:59:33.371Z [my-bank-api] info: GET / contas - ID index.html
2020-12-14T21:59:43.100Z [my-bank-api] info: GET / contas - ID index.html
